<?xml version="1.0" encoding="UTF-8"?>
<testsuite xmlns:xsi="http://www.w3.org/2001/XMLSchema-instance" xsi:noNamespaceSchemaLocation="https://maven.apache.org/surefire/maven-surefire-plugin/xsd/surefire-test-report.xsd" name="com.ontariotechu.sofe3980U.BookFlightsAPIControllerTest" time="1.749" tests="4" errors="0" skipped="0" failures="0">
  <properties>
[...]
</properties>
  <testcase name="BookRoundTrip" classname="com.ontariotechu.sofe3980U.BookFlightsAPIControllerTest" time="0.148"/>
  <testcase name="Bookdirect" classname="com.ontariotechu.sofe3980U.BookFlightsAPIControllerTest" time="0.003"/>
  <testcase name="Bookoneway" classname="com.ontariotechu.sofe3980U.BookFlightsAPIControllerTest" time="0.003"/>
  <testcase name="Bookmultistop" classname="com.ontariotechu.sofe3980U.BookFlightsAPIControllerTest" time="0.003"/>
</testsuite>